execve("./part1.x", ["./part1.x"], [/* 61 vars */]) = 0
brk(NULL)                               = 0x244a000
access("/etc/ld.so.nohwcap", F_OK)      = -1 ENOENT (No such file or directory)
access("/etc/ld.so.preload", R_OK)      = -1 ENOENT (No such file or directory)
open("/etc/ld.so.cache", O_RDONLY|O_CLOEXEC) = 3
fstat(3, {st_mode=S_IFREG|0644, st_size=88205, ...}) = 0
mmap(NULL, 88205, PROT_READ, MAP_PRIVATE, 3, 0) = 0x7fd56b7c8000
close(3)                                = 0
access("/etc/ld.so.nohwcap", F_OK)      = -1 ENOENT (No such file or directory)
open("/lib/x86_64-linux-gnu/libc.so.6", O_RDONLY|O_CLOEXEC) = 3
read(3, "\177ELF\2\1\1\3\0\0\0\0\0\0\0\0\3\0>\0\1\0\0\0P\t\2\0\0\0\0\0"..., 832) = 832
fstat(3, {st_mode=S_IFREG|0755, st_size=1868984, ...}) = 0
mmap(NULL, 4096, PROT_READ|PROT_WRITE, MAP_PRIVATE|MAP_ANONYMOUS, -1, 0) = 0x7fd56b7c7000
mmap(NULL, 3971488, PROT_READ|PROT_EXEC, MAP_PRIVATE|MAP_DENYWRITE, 3, 0) = 0x7fd56b1ef000
mprotect(0x7fd56b3af000, 2097152, PROT_NONE) = 0
mmap(0x7fd56b5af000, 24576, PROT_READ|PROT_WRITE, MAP_PRIVATE|MAP_FIXED|MAP_DENYWRITE, 3, 0x1c0000) = 0x7fd56b5af000
mmap(0x7fd56b5b5000, 14752, PROT_READ|PROT_WRITE, MAP_PRIVATE|MAP_FIXED|MAP_ANONYMOUS, -1, 0) = 0x7fd56b5b5000
close(3)                                = 0
mmap(NULL, 4096, PROT_READ|PROT_WRITE, MAP_PRIVATE|MAP_ANONYMOUS, -1, 0) = 0x7fd56b7c6000
mmap(NULL, 4096, PROT_READ|PROT_WRITE, MAP_PRIVATE|MAP_ANONYMOUS, -1, 0) = 0x7fd56b7c5000
arch_prctl(ARCH_SET_FS, 0x7fd56b7c6700) = 0
mprotect(0x7fd56b5af000, 16384, PROT_READ) = 0
mprotect(0x600000, 4096, PROT_READ)     = 0
mprotect(0x7fd56b7de000, 4096, PROT_READ) = 0
munmap(0x7fd56b7c8000, 88205)           = 0
nanosleep({0, 0}, 0x7fff451eef80)       = 0
nanosleep({0, 0}, 0x7fff451eef80)       = 0
nanosleep({0, 0}, 0x7fff451eef80)       = 0
nanosleep({0, 0}, 0x7fff451eef80)       = 0
nanosleep({0, 0}, 0x7fff451eef80)       = 0
nanosleep({0, 0}, 0x7fff451eef80)       = 0
nanosleep({0, 0}, 0x7fff451eef80)       = 0
exit_group(0)                           = ?
+++ exited with 0 +++
